<?xml version="1.0" encoding="UTF-8"?>
<!-- Generated by org.testng.reporters.JUnitReportReporter -->
<testsuite skipped="0" hostname="DESKTOP-UR447FM" name="TestOne" tests="1" failures="0" timestamp="2020-08-12T10:04:04 IST" time="25.415" errors="0">
  <testcase name="systemTesting" time="25.415" classname="TestOne"/>
  <system-out/>
</testsuite> <!-- TestOne -->
